Release 14.7 - xst P.20131013 (nt64)
Copyright (c) 1995-2013 Xilinx, Inc.  All rights reserved.
--> Parameter TMPDIR set to xst/projnav.tmp


Total REAL time to Xst completion: 0.00 secs
Total CPU time to Xst completion: 0.10 secs
 
--> Parameter xsthdpdir set to xst


Total REAL time to Xst completion: 0.00 secs
Total CPU time to Xst completion: 0.10 secs
 
--> Reading design: top_module.prj

TABLE OF CONTENTS
  1) Synthesis Options Summary
  2) HDL Compilation
  3) Design Hierarchy Analysis
  4) HDL Analysis
  5) HDL Synthesis
     5.1) HDL Synthesis Report
  6) Advanced HDL Synthesis
     6.1) Advanced HDL Synthesis Report
  7) Low Level Synthesis
  8) Partition Report
  9) Final Report
	9.1) Device utilization summary
	9.2) Partition Resource Summary
	9.3) TIMING REPORT


=========================================================================
*                      Synthesis Options Summary                        *
=========================================================================
---- Source Parameters
Input File Name                    : "top_module.prj"
Input Format                       : mixed
Ignore Synthesis Constraint File   : NO

---- Target Parameters
Output File Name                   : "top_module"
Output Format                      : NGC
Target Device                      : xc3s2000-5-fg456

---- Source Options
Top Module Name                    : top_module
Automatic FSM Extraction           : YES
FSM Encoding Algorithm             : Auto
Safe Implementation                : No
FSM Style                          : LUT
RAM Extraction                     : Yes
RAM Style                          : Auto
ROM Extraction                     : Yes
Mux Style                          : Auto
Decoder Extraction                 : YES
Priority Encoder Extraction        : Yes
Shift Register Extraction          : YES
Logical Shifter Extraction         : YES
XOR Collapsing                     : YES
ROM Style                          : Auto
Mux Extraction                     : Yes
Resource Sharing                   : YES
Asynchronous To Synchronous        : NO
Multiplier Style                   : Auto
Automatic Register Balancing       : No

---- Target Options
Add IO Buffers                     : YES
Global Maximum Fanout              : 500
Add Generic Clock Buffer(BUFG)     : 8
Register Duplication               : YES
Slice Packing                      : YES
Optimize Instantiated Primitives   : NO
Use Clock Enable                   : Yes
Use Synchronous Set                : Yes
Use Synchronous Reset              : Yes
Pack IO Registers into IOBs        : Auto
Equivalent register Removal        : YES

---- General Options
Optimization Goal                  : Speed
Optimization Effort                : 1
Keep Hierarchy                     : No
Netlist Hierarchy                  : As_Optimized
RTL Output                         : Yes
Global Optimization                : AllClockNets
Read Cores                         : YES
Write Timing Constraints           : NO
Cross Clock Analysis               : NO
Hierarchy Separator                : /
Bus Delimiter                      : <>
Case Specifier                     : Maintain
Slice Utilization Ratio            : 100
BRAM Utilization Ratio             : 100
Verilog 2001                       : YES
Auto BRAM Packing                  : NO
Slice Utilization Ratio Delta      : 5

=========================================================================


=========================================================================
*                          HDL Compilation                              *
=========================================================================
Compiling vhdl file "D:/autoparkinglot/led_clock_divider.vhd" in Library work.
Architecture behavioral of Entity led_clock_divider is up to date.
Compiling vhdl file "D:/autoparkinglot/led_decoder.vhd" in Library work.
Architecture behavioral of Entity led_decoder is up to date.
Compiling vhdl file "D:/autoparkinglot/ledcontroller.vhd" in Library work.
Entity <ledcontroller> compiled.
Entity <ledcontroller> (Architecture <Behavioral>) compiled.
Compiling vhdl file "D:/autoparkinglot/top_module.vhd" in Library work.
Entity <top_module> compiled.
Entity <top_module> (Architecture <Behavioral>) compiled.

=========================================================================
*                     Design Hierarchy Analysis                         *
=========================================================================
Analyzing hierarchy for entity <top_module> in library <work> (architecture <Behavioral>).

Analyzing hierarchy for entity <ledcontroller> in library <work> (architecture <Behavioral>).

Analyzing hierarchy for entity <led_clock_divider> in library <work> (architecture <behavioral>).

Analyzing hierarchy for entity <led_decoder> in library <work> (architecture <behavioral>).


=========================================================================
*                            HDL Analysis                               *
=========================================================================
Analyzing Entity <top_module> in library <work> (Architecture <Behavioral>).
Entity <top_module> analyzed. Unit <top_module> generated.

Analyzing Entity <ledcontroller> in library <work> (Architecture <Behavioral>).
Entity <ledcontroller> analyzed. Unit <ledcontroller> generated.

Analyzing Entity <led_clock_divider> in library <work> (Architecture <behavioral>).
Entity <led_clock_divider> analyzed. Unit <led_clock_divider> generated.

Analyzing Entity <led_decoder> in library <work> (Architecture <behavioral>).
Entity <led_decoder> analyzed. Unit <led_decoder> generated.


=========================================================================
*                           HDL Synthesis                               *
=========================================================================

Performing bidirectional port resolution...

Synthesizing Unit <led_clock_divider>.
    Related source file is "D:/autoparkinglot/led_clock_divider.vhd".
    Found 1-bit register for signal <dclk>.
    Found 26-bit up counter for signal <cnt_data>.
    Summary:
	inferred   1 Counter(s).
	inferred   1 D-type flip-flop(s).
Unit <led_clock_divider> synthesized.


Synthesizing Unit <led_decoder>.
    Related source file is "D:/autoparkinglot/led_decoder.vhd".
    Found 32x24-bit ROM for signal <output$mux0000>.
    Summary:
	inferred   1 ROM(s).
Unit <led_decoder> synthesized.


Synthesizing Unit <ledcontroller>.
    Related source file is "D:/autoparkinglot/ledcontroller.vhd".
WARNING:Xst:646 - Signal <curr_location_inv> is assigned but never used. This unconnected signal will be trimmed during the optimization process.
Unit <ledcontroller> synthesized.


Synthesizing Unit <top_module>.
    Related source file is "D:/autoparkinglot/top_module.vhd".
WARNING:Xst:647 - Input <key_in> is never used. This port will be preserved and left unconnected if it belongs to a top-level block or it belongs to a sub-block and the hierarchy of this sub-block is preserved.
WARNING:Xst:1306 - Output <dig> is never assigned.
WARNING:Xst:1306 - Output <de> is never assigned.
WARNING:Xst:1306 - Output <data_out> is never assigned.
WARNING:Xst:647 - Input <dip_switch<7:1>> is never used. This port will be preserved and left unconnected if it belongs to a top-level block or it belongs to a sub-block and the hierarchy of this sub-block is preserved.
WARNING:Xst:1306 - Output <lcd_clk> is never assigned.
WARNING:Xst:1306 - Output <key_scan> is never assigned.
WARNING:Xst:647 - Input <push_button<3:1>> is never used. This port will be preserved and left unconnected if it belongs to a top-level block or it belongs to a sub-block and the hierarchy of this sub-block is preserved.
WARNING:Xst:1306 - Output <segment> is never assigned.
WARNING:Xst:653 - Signal <curr_address> is used but never assigned. This sourceless signal will be automatically connected to value 00000000.
WARNING:Xst:653 - Signal <car_in> is used but never assigned. This sourceless signal will be automatically connected to value 000000000000000000000000.
Unit <top_module> synthesized.


=========================================================================
HDL Synthesis Report

Macro Statistics
# ROMs                                                 : 1
 32x24-bit ROM                                         : 1
# Counters                                             : 1
 26-bit up counter                                     : 1
# Registers                                            : 1
 1-bit register                                        : 1

=========================================================================

=========================================================================
*                       Advanced HDL Synthesis                          *
=========================================================================

WARNING:Xst:1290 - Hierarchical block <led_clk_div> is unconnected in block <led_ctrl>.
   It will be removed from the design.
WARNING:Xst:1290 - Hierarchical block <led_dec> is unconnected in block <led_ctrl>.
   It will be removed from the design.

=========================================================================
Advanced HDL Synthesis Report

Macro Statistics
# ROMs                                                 : 1
 32x24-bit ROM                                         : 1
# Counters                                             : 1
 26-bit up counter                                     : 1
# Registers                                            : 1
 Flip-Flops                                            : 1

=========================================================================

=========================================================================
*                         Low Level Synthesis                           *
=========================================================================
WARNING:Xst:1899 - Due to constant pushing, all outputs of the instance <led_dec> of the block <led_decoder> are unconnected in block <ledcontroller>.
   This instance will be removed from the design along with all underlying logic
WARNING:Xst:2677 - Node <led_clk_div/dclk> of sequential type is unconnected in block <ledcontroller>.

Optimizing unit <top_module> ...

Mapping all equations...
Building and optimizing final netlist ...
Found area constraint ratio of 100 (+ 5) on block top_module, actual ratio is 0.

Final Macro Processing ...

=========================================================================
Final Register Report

Found no macro
=========================================================================

=========================================================================
*                           Partition Report                            *
=========================================================================

Partition Implementation Status
-------------------------------

  No Partitions were found in this design.

-------------------------------

=========================================================================
*                            Final Report                               *
=========================================================================
Final Results
RTL Top Level Output File Name     : top_module.ngr
Top Level Output File Name         : top_module
Output Format                      : NGC
Optimization Goal                  : Speed
Keep Hierarchy                     : No

Design Statistics
# IOs                              : 77

Cell Usage :
# IO Buffers                       : 25
#      IBUF                        : 1
#      OBUF                        : 24
=========================================================================

Device utilization summary:
---------------------------

Selected Device : 3s2000fg456-5 

 Number of Slices:                        0  out of  20480     0%  
 Number of IOs:                          77
 Number of bonded IOBs:                  25  out of    333     7%  

---------------------------
Partition Resource Summary:
---------------------------

  No Partitions were found in this design.

---------------------------


=========================================================================
TIMING REPORT

NOTE: THESE TIMING NUMBERS ARE ONLY A SYNTHESIS ESTIMATE.
      FOR ACCURATE TIMING INFORMATION PLEASE REFER TO THE TRACE REPORT
      GENERATED AFTER PLACE-and-ROUTE.

Clock Information:
------------------
No clock signals found in this design

Asynchronous Control Signals Information:
----------------------------------------
No asynchronous control signals found in this design

Timing Summary:
---------------
Speed Grade: -5

   Minimum period: No path found
   Minimum input arrival time before clock: No path found
   Maximum output required time after clock: No path found
   Maximum combinational path delay: 7.151ns

Timing Detail:
--------------
All values displayed in nanoseconds (ns)

=========================================================================
Timing constraint: Default path analysis
  Total number of paths / destination ports: 24 / 24
-------------------------------------------------------------------------
Delay:               7.151ns (Levels of Logic = 2)
  Source:            push_button<0> (PAD)
  Destination:       led_out<23> (PAD)

  Data Path: push_button<0> to led_out<23>
                                Gate     Net
    Cell:in->out      fanout   Delay   Delay  Logical Name (Net Name)
    ----------------------------------------  ------------
     IBUF:I->O            24   0.715   1.527  push_button_0_IBUF (led_out_0_OBUF)
     OBUF:I->O                 4.909          led_out_23_OBUF (led_out<23>)
    ----------------------------------------
    Total                      7.151ns (5.624ns logic, 1.527ns route)
                                       (78.6% logic, 21.4% route)

=========================================================================


Total REAL time to Xst completion: 5.00 secs
Total CPU time to Xst completion: 5.15 secs
 
--> 

Total memory usage is 256428 kilobytes

Number of errors   :    0 (   0 filtered)
Number of warnings :   16 (   0 filtered)
Number of infos    :    0 (   0 filtered)

